<?xml version="1.0" encoding="UTF-8"?>
<!-- Generated by org.testng.reporters.JUnitReportReporter -->
<testsuite hostname="LAPTOP-5HP69GF2" failures="0" tests="4" name="com.example.testing.Calculator" time="0.017" errors="0" timestamp="3 Jun 2023 04:56:41 GMT">
  <testcase classname="com.example.testing.Calculator" name="add" time="0.014"/>
  <testcase classname="com.example.testing.Calculator" name="divide" time="0.001"/>
  <testcase classname="com.example.testing.Calculator" name="subtract" time="0.001"/>
  <testcase classname="com.example.testing.Calculator" name="multiply" time="0.001"/>
</testsuite> <!-- com.example.testing.Calculator -->
