<?xml version="1.0" encoding="UTF-8"?>
<!-- Generated by org.testng.reporters.JUnitReportReporter -->
<testsuite hostname="LAPTOP-5HP69GF2" failures="0" tests="1" name="com.example.testing.Day7_1" time="156.654" errors="0" timestamp="3 Jun 2023 04:54:51 GMT">
  <testcase classname="com.example.testing.Day7_1" name="verifyTitle" time="156.654"/>
</testsuite> <!-- com.example.testing.Day7_1 -->
